<?xml version="1.0" encoding="UTF-8"?>
<!-- Generated by org.testng.reporters.JUnitReportReporter -->
<testsuite hostname="DESKTOP-DNI483J" name="main.FirstTest" tests="2" failures="0" timestamp="25 Apr 2019 08:52:12 GMT" time="0.010" errors="0">
  <testcase name="f" time="0.010" classname="main.FirstTest"/>
  <testcase name="f" time="0.000" classname="main.FirstTest"/>
</testsuite> <!-- main.FirstTest -->
